--------------------------------------------------------------------------------
[Apr 15, 2024, 7:07:35.7 PM:ERROR:get_available.cc(62)] Unexpected HTTP status: 426
[Apr 15, 2024, 7:07:36.2 PM:ERROR:refill_confirmation_tokens.cc(197)] Failed to get signed tokens
[Apr 15, 2024, 7:08:38.3 PM:ERROR:redeem_reward_confirmation.cc(141)] Payment token is not ready
[Apr 15, 2024, 7:09:09.3 PM:ERROR:redeem_reward_confirmation.cc(141)] Payment token is not ready
--------------------------------------------------------------------------------
[Apr 15, 2024, 7:13:04.7 PM:ERROR:publisher.cc(633)] Publisher info not found
--------------------------------------------------------------------------------
[Apr 15, 2024, 7:15:13.6 PM:ERROR:redeem_reward_confirmation.cc(141)] Payment token is not ready
[Apr 15, 2024, 7:17:24.5 PM:ERROR:redeem_reward_confirmation.cc(141)] Payment token is not ready
[Apr 15, 2024, 7:21:31.9 PM:ERROR:redeem_reward_confirmation.cc(141)] Payment token is not ready
[Apr 15, 2024, 7:25:57.4 PM:ERROR:publisher.cc(633)] Publisher info not found
[Apr 15, 2024, 7:27:06.0 PM:ERROR:publisher.cc(633)] Publisher info not found
[Apr 15, 2024, 7:28:10.5 PM:ERROR:publisher.cc(633)] Publisher info not found
[Apr 15, 2024, 7:28:10.5 PM:ERROR:publisher.cc(633)] Publisher info not found
--------------------------------------------------------------------------------
[Apr 15, 2024, 7:29:54.0 PM:ERROR:refill_confirmation_tokens.cc(197)] Failed to get signed tokens
[Apr 15, 2024, 7:30:18.5 PM:ERROR:publisher.cc(633)] Publisher info not found
--------------------------------------------------------------------------------
[Apr 15, 2024, 7:32:15.9 PM:ERROR:refill_confirmation_tokens.cc(197)] Failed to get signed tokens
--------------------------------------------------------------------------------
[Apr 15, 2024, 7:37:02.6 PM:ERROR:refill_confirmation_tokens.cc(128)] Failed to request signed tokens
[Apr 15, 2024, 7:37:46.9 PM:ERROR:refill_confirmation_tokens.cc(128)] Failed to request signed tokens
[Apr 15, 2024, 7:37:47.0 PM:ERROR:refill_confirmation_tokens.cc(128)] Failed to request signed tokens
--------------------------------------------------------------------------------
[Apr 15, 2024, 7:45:31.0 PM:ERROR:refill_confirmation_tokens.cc(128)] Failed to request signed tokens
--------------------------------------------------------------------------------
[Apr 15, 2024, 7:47:16.0 PM:ERROR:refill_confirmation_tokens.cc(128)] Failed to request signed tokens
[Apr 15, 2024, 7:47:38.1 PM:ERROR:refill_confirmation_tokens.cc(128)] Failed to request signed tokens
[Apr 15, 2024, 7:47:56.2 PM:ERROR:refill_confirmation_tokens.cc(128)] Failed to request signed tokens
--------------------------------------------------------------------------------
[Apr 15, 2024, 7:49:17.5 PM:ERROR:refill_confirmation_tokens.cc(128)] Failed to request signed tokens
[Apr 15, 2024, 7:50:12.6 PM:ERROR:refill_confirmation_tokens.cc(128)] Failed to request signed tokens
[Apr 15, 2024, 7:50:56.7 PM:ERROR:refill_confirmation_tokens.cc(128)] Failed to request signed tokens
[Apr 15, 2024, 7:52:00.9 PM:ERROR:refill_confirmation_tokens.cc(128)] Failed to request signed tokens
--------------------------------------------------------------------------------
[Apr 15, 2024, 7:55:04.2 PM:ERROR:refill_confirmation_tokens.cc(128)] Failed to request signed tokens
[Apr 15, 2024, 7:55:52.4 PM:ERROR:refill_confirmation_tokens.cc(128)] Failed to request signed tokens
[Apr 15, 2024, 7:56:54.5 PM:ERROR:refill_confirmation_tokens.cc(128)] Failed to request signed tokens
--------------------------------------------------------------------------------
[Apr 15, 2024, 8:07:35.3 PM:ERROR:refill_confirmation_tokens.cc(128)] Failed to request signed tokens
[Apr 15, 2024, 8:08:17.5 PM:ERROR:refill_confirmation_tokens.cc(128)] Failed to request signed tokens
[Apr 15, 2024, 8:08:48.6 PM:ERROR:refill_confirmation_tokens.cc(128)] Failed to request signed tokens
[Apr 15, 2024, 8:10:40.1 PM:ERROR:publisher.cc(633)] Publisher info not found
--------------------------------------------------------------------------------
[Apr 15, 2024, 8:12:00.3 PM:ERROR:refill_confirmation_tokens.cc(128)] Failed to request signed tokens
[Apr 15, 2024, 8:12:12.5 PM:ERROR:refill_confirmation_tokens.cc(128)] Failed to request signed tokens
[Apr 15, 2024, 8:12:21.1 PM:ERROR:publisher.cc(633)] Publisher info not found
[Apr 15, 2024, 8:12:21.1 PM:ERROR:publisher.cc(633)] Publisher info not found
--------------------------------------------------------------------------------
[Apr 15, 2024, 8:14:12.2 PM:ERROR:refill_confirmation_tokens.cc(128)] Failed to request signed tokens
[Apr 15, 2024, 8:15:01.2 PM:ERROR:publisher.cc(633)] Publisher info not found
[Apr 15, 2024, 8:15:01.2 PM:ERROR:publisher.cc(633)] Publisher info not found
[Apr 15, 2024, 8:15:04.4 PM:ERROR:refill_confirmation_tokens.cc(128)] Failed to request signed tokens
[Apr 15, 2024, 8:15:29.6 PM:ERROR:refill_confirmation_tokens.cc(128)] Failed to request signed tokens
[Apr 15, 2024, 8:15:29.7 PM:ERROR:refill_confirmation_tokens.cc(128)] Failed to request signed tokens
[Apr 15, 2024, 8:18:19.9 PM:ERROR:refill_confirmation_tokens.cc(128)] Failed to request signed tokens
--------------------------------------------------------------------------------
[Apr 15, 2024, 8:20:57.6 PM:ERROR:refill_confirmation_tokens.cc(128)] Failed to request signed tokens
[Apr 15, 2024, 8:22:24.8 PM:ERROR:refill_confirmation_tokens.cc(128)] Failed to request signed tokens
[Apr 15, 2024, 8:22:31.9 PM:ERROR:refill_confirmation_tokens.cc(128)] Failed to request signed tokens
[Apr 15, 2024, 8:22:38.2 PM:ERROR:refill_confirmation_tokens.cc(128)] Failed to request signed tokens
[Apr 15, 2024, 8:23:09.5 PM:ERROR:publisher.cc(633)] Publisher info not found
[Apr 15, 2024, 8:23:09.5 PM:ERROR:publisher.cc(633)] Publisher info not found
[Apr 15, 2024, 8:24:41.3 PM:ERROR:refill_confirmation_tokens.cc(128)] Failed to request signed tokens
[Apr 15, 2024, 8:40:30.6 PM:ERROR:refill_confirmation_tokens.cc(128)] Failed to request signed tokens
[Apr 15, 2024, 8:45:57.9 PM:ERROR:publisher.cc(633)] Publisher info not found
[Apr 15, 2024, 8:45:57.9 PM:ERROR:publisher.cc(633)] Publisher info not found
[Apr 15, 2024, 8:48:30.4 PM:ERROR:publisher.cc(633)] Publisher info not found
[Apr 15, 2024, 8:48:30.4 PM:ERROR:publisher.cc(633)] Publisher info not found
[Apr 15, 2024, 8:50:13.0 PM:ERROR:publisher.cc(633)] Publisher info not found
[Apr 15, 2024, 8:50:13.0 PM:ERROR:publisher.cc(633)] Publisher info not found
[Apr 15, 2024, 8:51:57.7 PM:ERROR:publisher.cc(633)] Publisher info not found
[Apr 15, 2024, 8:52:24.5 PM:ERROR:publisher.cc(633)] Publisher info not found
[Apr 15, 2024, 8:52:45.4 PM:ERROR:publisher.cc(633)] Publisher info not found
[Apr 15, 2024, 8:54:42.4 PM:ERROR:publisher.cc(633)] Publisher info not found
[Apr 15, 2024, 8:54:42.4 PM:ERROR:publisher.cc(633)] Publisher info not found
[Apr 15, 2024, 8:56:04.0 PM:ERROR:publisher.cc(633)] Publisher info not found
--------------------------------------------------------------------------------
[Apr 15, 2024, 9:00:35.8 PM:ERROR:refill_confirmation_tokens.cc(128)] Failed to request signed tokens
[Apr 15, 2024, 9:02:06.0 PM:ERROR:refill_confirmation_tokens.cc(128)] Failed to request signed tokens
[Apr 15, 2024, 9:03:22.1 PM:ERROR:refill_confirmation_tokens.cc(128)] Failed to request signed tokens
[Apr 15, 2024, 9:04:03.3 PM:ERROR:refill_confirmation_tokens.cc(128)] Failed to request signed tokens
--------------------------------------------------------------------------------
[Apr 15, 2024, 9:10:16.1 PM:ERROR:refill_confirmation_tokens.cc(128)] Failed to request signed tokens
[Apr 15, 2024, 9:10:48.3 PM:ERROR:refill_confirmation_tokens.cc(128)] Failed to request signed tokens
[Apr 15, 2024, 9:10:58.7 PM:ERROR:refill_confirmation_tokens.cc(128)] Failed to request signed tokens
[Apr 15, 2024, 9:12:31.3 PM:ERROR:refill_confirmation_tokens.cc(128)] Failed to request signed tokens
[Apr 15, 2024, 9:15:46.4 PM:ERROR:refill_confirmation_tokens.cc(128)] Failed to request signed tokens
--------------------------------------------------------------------------------
[Apr 15, 2024, 9:18:53.2 PM:ERROR:refill_confirmation_tokens.cc(128)] Failed to request signed tokens
[Apr 15, 2024, 9:19:34.4 PM:ERROR:refill_confirmation_tokens.cc(128)] Failed to request signed tokens
[Apr 15, 2024, 9:20:20.5 PM:ERROR:refill_confirmation_tokens.cc(128)] Failed to request signed tokens
[Apr 15, 2024, 9:21:08.6 PM:ERROR:refill_confirmation_tokens.cc(128)] Failed to request signed tokens
--------------------------------------------------------------------------------
[Apr 15, 2024, 9:21:59.9 PM:ERROR:refill_confirmation_tokens.cc(128)] Failed to request signed tokens
[Apr 15, 2024, 9:22:17.0 PM:ERROR:refill_confirmation_tokens.cc(128)] Failed to request signed tokens
[Apr 15, 2024, 9:22:34.1 PM:ERROR:refill_confirmation_tokens.cc(128)] Failed to request signed tokens
[Apr 15, 2024, 9:23:06.3 PM:ERROR:refill_confirmation_tokens.cc(128)] Failed to request signed tokens
--------------------------------------------------------------------------------
[Apr 15, 2024, 9:25:56.3 PM:ERROR:refill_confirmation_tokens.cc(128)] Failed to request signed tokens
[Apr 15, 2024, 9:26:30.4 PM:ERROR:refill_confirmation_tokens.cc(128)] Failed to request signed tokens
[Apr 15, 2024, 9:26:52.1 PM:ERROR:refill_confirmation_tokens.cc(128)] Failed to request signed tokens
--------------------------------------------------------------------------------
[Apr 15, 2024, 9:37:52.8 PM:ERROR:refill_confirmation_tokens.cc(128)] Failed to request signed tokens
[Apr 15, 2024, 9:38:10.1 PM:ERROR:refill_confirmation_tokens.cc(128)] Failed to request signed tokens
--------------------------------------------------------------------------------
[Apr 15, 2024, 10:28:36.5 PM:ERROR:refill_confirmation_tokens.cc(128)] Failed to request signed tokens
[Apr 15, 2024, 10:29:22.6 PM:ERROR:refill_confirmation_tokens.cc(128)] Failed to request signed tokens
[Apr 15, 2024, 10:30:28.9 PM:ERROR:publisher.cc(633)] Publisher info not found
[Apr 15, 2024, 10:30:31.5 PM:ERROR:publisher.cc(633)] Publisher info not found
[Apr 15, 2024, 10:32:24.7 PM:ERROR:refill_confirmation_tokens.cc(128)] Failed to request signed tokens
[Apr 15, 2024, 10:33:42.8 PM:ERROR:refill_confirmation_tokens.cc(128)] Failed to request signed tokens
--------------------------------------------------------------------------------
[Apr 15, 2024, 10:41:12.2 PM:ERROR:refill_confirmation_tokens.cc(128)] Failed to request signed tokens
[Apr 15, 2024, 10:41:21.4 PM:ERROR:refill_confirmation_tokens.cc(128)] Failed to request signed tokens
[Apr 15, 2024, 10:41:51.5 PM:ERROR:refill_confirmation_tokens.cc(128)] Failed to request signed tokens
[Apr 15, 2024, 10:42:02.6 PM:ERROR:refill_confirmation_tokens.cc(128)] Failed to request signed tokens
[Apr 15, 2024, 10:48:39.5 PM:ERROR:publisher.cc(633)] Publisher info not found
[Apr 15, 2024, 10:48:39.5 PM:ERROR:publisher.cc(633)] Publisher info not found
[Apr 15, 2024, 10:51:57.8 PM:ERROR:refill_confirmation_tokens.cc(128)] Failed to request signed tokens
[Apr 15, 2024, 10:55:03.9 PM:ERROR:refill_confirmation_tokens.cc(128)] Failed to request signed tokens
[Apr 15, 2024, 10:57:21.4 PM:ERROR:publisher.cc(633)] Publisher info not found
[Apr 15, 2024, 11:04:06.1 PM:ERROR:refill_confirmation_tokens.cc(128)] Failed to request signed tokens
[Apr 15, 2024, 11:07:43.1 PM:ERROR:publisher.cc(633)] Publisher info not found
[Apr 15, 2024, 11:07:43.1 PM:ERROR:publisher.cc(633)] Publisher info not found
[Apr 15, 2024, 11:15:10.1 PM:ERROR:publisher.cc(633)] Publisher info not found
[Apr 15, 2024, 11:15:10.1 PM:ERROR:publisher.cc(633)] Publisher info not found
[Apr 15, 2024, 11:29:04.0 PM:ERROR:publisher.cc(633)] Publisher info not found
[Apr 15, 2024, 11:29:04.0 PM:ERROR:publisher.cc(633)] Publisher info not found
--------------------------------------------------------------------------------
[Apr 15, 2024, 11:32:36.2 PM:ERROR:refill_confirmation_tokens.cc(128)] Failed to request signed tokens
[Apr 15, 2024, 11:32:40.4 PM:ERROR:refill_confirmation_tokens.cc(128)] Failed to request signed tokens
[Apr 15, 2024, 11:34:24.5 PM:ERROR:refill_confirmation_tokens.cc(128)] Failed to request signed tokens
[Apr 15, 2024, 11:35:00.6 PM:ERROR:refill_confirmation_tokens.cc(128)] Failed to request signed tokens
[Apr 15, 2024, 11:43:13.7 PM:ERROR:refill_confirmation_tokens.cc(128)] Failed to request signed tokens
[Apr 15, 2024, 11:46:56.9 PM:ERROR:refill_confirmation_tokens.cc(128)] Failed to request signed tokens
[Apr 15, 2024, 11:50:08.5 PM:ERROR:publisher.cc(633)] Publisher info not found
--------------------------------------------------------------------------------
[Apr 15, 2024, 11:53:13.3 PM:ERROR:refill_confirmation_tokens.cc(128)] Failed to request signed tokens
[Apr 15, 2024, 11:53:24.4 PM:ERROR:refill_confirmation_tokens.cc(128)] Failed to request signed tokens
--------------------------------------------------------------------------------
[Apr 15, 2024, 11:58:57.5 PM:ERROR:refill_confirmation_tokens.cc(128)] Failed to request signed tokens
[Apr 15, 2024, 11:59:19.6 PM:ERROR:publisher.cc(633)] Publisher info not found
[Apr 15, 2024, 11:59:19.6 PM:ERROR:publisher.cc(633)] Publisher info not found
[Apr 15, 2024, 11:59:23.6 PM:ERROR:refill_confirmation_tokens.cc(128)] Failed to request signed tokens
[Apr 15, 2024, 11:59:34.9 PM:ERROR:publisher.cc(633)] Publisher info not found
[Apr 15, 2024, 11:59:34.9 PM:ERROR:publisher.cc(633)] Publisher info not found
[Apr 16, 2024, 12:00:01.8 AM:ERROR:refill_confirmation_tokens.cc(128)] Failed to request signed tokens
[Apr 16, 2024, 12:01:25.9 AM:ERROR:refill_confirmation_tokens.cc(128)] Failed to request signed tokens
[Apr 16, 2024, 12:09:06.0 AM:ERROR:refill_confirmation_tokens.cc(128)] Failed to request signed tokens
--------------------------------------------------------------------------------
[Apr 16, 2024, 12:11:49.9 AM:ERROR:refill_confirmation_tokens.cc(128)] Failed to request signed tokens
[Apr 16, 2024, 12:11:51.2 AM:ERROR:refill_confirmation_tokens.cc(128)] Failed to request signed tokens
[Apr 16, 2024, 12:13:36.3 AM:ERROR:refill_confirmation_tokens.cc(128)] Failed to request signed tokens
--------------------------------------------------------------------------------
[Apr 16, 2024, 12:20:24.6 AM:ERROR:refill_confirmation_tokens.cc(128)] Failed to request signed tokens
[Apr 16, 2024, 12:20:24.7 AM:ERROR:refill_confirmation_tokens.cc(128)] Failed to request signed tokens
[Apr 16, 2024, 12:22:16.4 AM:ERROR:publisher.cc(633)] Publisher info not found
[Apr 16, 2024, 12:22:16.4 AM:ERROR:publisher.cc(633)] Publisher info not found
[Apr 16, 2024, 12:22:36.8 AM:ERROR:refill_confirmation_tokens.cc(128)] Failed to request signed tokens
[Apr 16, 2024, 12:23:20.0 AM:ERROR:refill_confirmation_tokens.cc(128)] Failed to request signed tokens
[Apr 16, 2024, 12:25:34.7 AM:ERROR:publisher.cc(633)] Publisher info not found
[Apr 16, 2024, 12:25:34.7 AM:ERROR:publisher.cc(633)] Publisher info not found
[Apr 16, 2024, 12:37:14.2 AM:ERROR:refill_confirmation_tokens.cc(128)] Failed to request signed tokens
[Apr 16, 2024, 12:47:23.2 AM:ERROR:rewards_service_impl.cc(339)] Restarting engine process after disconnect
--------------------------------------------------------------------------------
[Apr 16, 2024, 12:47:32.7 AM:ERROR:refill_confirmation_tokens.cc(128)] Failed to request signed tokens
[Apr 16, 2024, 12:47:36.8 AM:ERROR:refill_confirmation_tokens.cc(128)] Failed to request signed tokens
[Apr 16, 2024, 12:47:42.0 AM:ERROR:refill_confirmation_tokens.cc(128)] Failed to request signed tokens
[Apr 16, 2024, 12:48:37.1 AM:ERROR:refill_confirmation_tokens.cc(128)] Failed to request signed tokens
[Apr 16, 2024, 1:05:32.3 AM:ERROR:refill_confirmation_tokens.cc(128)] Failed to request signed tokens
[Apr 16, 2024, 1:06:35.2 AM:ERROR:publisher.cc(633)] Publisher info not found
[Apr 16, 2024, 1:06:35.2 AM:ERROR:publisher.cc(633)] Publisher info not found
[Apr 16, 2024, 1:06:45.4 AM:ERROR:refill_confirmation_tokens.cc(128)] Failed to request signed tokens
[Apr 16, 2024, 1:07:24.5 AM:ERROR:refill_confirmation_tokens.cc(128)] Failed to request signed tokens
--------------------------------------------------------------------------------
[Apr 16, 2024, 1:09:38.4 AM:ERROR:refill_confirmation_tokens.cc(128)] Failed to request signed tokens
[Apr 16, 2024, 1:11:12.5 AM:ERROR:refill_confirmation_tokens.cc(128)] Failed to request signed tokens
[Apr 16, 2024, 1:12:32.6 AM:ERROR:refill_confirmation_tokens.cc(128)] Failed to request signed tokens
[Apr 16, 2024, 1:12:35.7 AM:ERROR:refill_confirmation_tokens.cc(128)] Failed to request signed tokens
[Apr 16, 2024, 1:13:24.0 AM:ERROR:refill_confirmation_tokens.cc(128)] Failed to request signed tokens
[Apr 16, 2024, 1:17:41.3 AM:ERROR:publisher.cc(633)] Publisher info not found
[Apr 16, 2024, 1:22:20.8 AM:ERROR:publisher.cc(633)] Publisher info not found
[Apr 16, 2024, 1:22:20.8 AM:ERROR:publisher.cc(633)] Publisher info not found
[Apr 16, 2024, 1:22:57.1 AM:ERROR:refill_confirmation_tokens.cc(128)] Failed to request signed tokens
[Apr 16, 2024, 1:25:40.2 AM:ERROR:refill_confirmation_tokens.cc(128)] Failed to request signed tokens
[Apr 16, 2024, 1:26:24.3 AM:ERROR:refill_confirmation_tokens.cc(128)] Failed to request signed tokens
[Apr 16, 2024, 1:28:39.6 AM:ERROR:publisher.cc(633)] Publisher info not found
[Apr 16, 2024, 1:28:39.6 AM:ERROR:publisher.cc(633)] Publisher info not found
--------------------------------------------------------------------------------
[Apr 16, 2024, 1:29:53.8 AM:ERROR:refill_confirmation_tokens.cc(128)] Failed to request signed tokens
[Apr 16, 2024, 1:30:12.0 AM:ERROR:refill_confirmation_tokens.cc(128)] Failed to request signed tokens
[Apr 16, 2024, 1:31:02.1 AM:ERROR:publisher.cc(633)] Publisher info not found
--------------------------------------------------------------------------------
[Apr 16, 2024, 1:33:39.7 AM:ERROR:refill_confirmation_tokens.cc(128)] Failed to request signed tokens
[Apr 16, 2024, 1:33:46.8 AM:ERROR:refill_confirmation_tokens.cc(128)] Failed to request signed tokens
[Apr 16, 2024, 1:34:12.9 AM:ERROR:refill_confirmation_tokens.cc(128)] Failed to request signed tokens
--------------------------------------------------------------------------------
[Apr 16, 2024, 1:38:41.0 AM:ERROR:refill_confirmation_tokens.cc(128)] Failed to request signed tokens
[Apr 16, 2024, 1:39:22.1 AM:ERROR:refill_confirmation_tokens.cc(128)] Failed to request signed tokens
[Apr 16, 2024, 1:39:36.2 AM:ERROR:refill_confirmation_tokens.cc(128)] Failed to request signed tokens
[Apr 16, 2024, 1:43:02.4 AM:ERROR:refill_confirmation_tokens.cc(128)] Failed to request signed tokens
[Apr 16, 2024, 1:43:52.5 AM:ERROR:refill_confirmation_tokens.cc(128)] Failed to request signed tokens
[Apr 16, 2024, 1:44:06.0 AM:ERROR:publisher.cc(633)] Publisher info not found
[Apr 16, 2024, 1:44:06.0 AM:ERROR:publisher.cc(633)] Publisher info not found
[Apr 16, 2024, 1:46:25.6 AM:ERROR:refill_confirmation_tokens.cc(128)] Failed to request signed tokens
--------------------------------------------------------------------------------
[Apr 16, 2024, 1:48:19.1 AM:ERROR:refill_confirmation_tokens.cc(128)] Failed to request signed tokens
[Apr 16, 2024, 1:48:23.2 AM:ERROR:refill_confirmation_tokens.cc(128)] Failed to request signed tokens
[Apr 16, 2024, 1:49:16.3 AM:ERROR:refill_confirmation_tokens.cc(128)] Failed to request signed tokens
[Apr 16, 2024, 1:50:22.4 AM:ERROR:refill_confirmation_tokens.cc(128)] Failed to request signed tokens
[Apr 16, 2024, 1:50:41.8 AM:ERROR:publisher.cc(633)] Publisher info not found
[Apr 16, 2024, 1:50:41.8 AM:ERROR:publisher.cc(633)] Publisher info not found
[Apr 16, 2024, 1:55:48.4 AM:ERROR:publisher.cc(633)] Publisher info not found
[Apr 16, 2024, 1:55:48.4 AM:ERROR:publisher.cc(633)] Publisher info not found
[Apr 16, 2024, 1:56:02.6 AM:ERROR:refill_confirmation_tokens.cc(128)] Failed to request signed tokens
[Apr 16, 2024, 1:56:11.7 AM:ERROR:refill_confirmation_tokens.cc(128)] Failed to request signed tokens
[Apr 16, 2024, 1:59:59.8 AM:ERROR:refill_confirmation_tokens.cc(128)] Failed to request signed tokens
[Apr 16, 2024, 2:03:06.5 AM:ERROR:publisher.cc(633)] Publisher info not found
[Apr 16, 2024, 2:03:06.5 AM:ERROR:publisher.cc(633)] Publisher info not found
[Apr 16, 2024, 2:07:57.4 AM:ERROR:publisher.cc(633)] Publisher info not found
[Apr 16, 2024, 2:07:57.4 AM:ERROR:publisher.cc(633)] Publisher info not found
[Apr 16, 2024, 2:12:57.1 AM:ERROR:publisher.cc(633)] Publisher info not found
--------------------------------------------------------------------------------
[Apr 16, 2024, 2:32:33.2 AM:ERROR:refill_confirmation_tokens.cc(128)] Failed to request signed tokens
[Apr 16, 2024, 2:32:37.3 AM:ERROR:refill_confirmation_tokens.cc(128)] Failed to request signed tokens
[Apr 16, 2024, 2:33:50.4 AM:ERROR:refill_confirmation_tokens.cc(128)] Failed to request signed tokens
[Apr 16, 2024, 2:34:56.5 AM:ERROR:publisher.cc(633)] Publisher info not found
[Apr 16, 2024, 2:34:56.5 AM:ERROR:publisher.cc(633)] Publisher info not found
[Apr 16, 2024, 2:37:30.6 AM:ERROR:refill_confirmation_tokens.cc(128)] Failed to request signed tokens
[Apr 16, 2024, 2:39:13.0 AM:ERROR:publisher.cc(633)] Publisher info not found
[Apr 16, 2024, 2:39:13.0 AM:ERROR:publisher.cc(633)] Publisher info not found
[Apr 16, 2024, 2:40:38.7 AM:ERROR:refill_confirmation_tokens.cc(128)] Failed to request signed tokens
[Apr 16, 2024, 2:41:08.9 AM:ERROR:refill_confirmation_tokens.cc(128)] Failed to request signed tokens
--------------------------------------------------------------------------------
[Apr 16, 2024, 2:58:06.2 AM:ERROR:refill_confirmation_tokens.cc(128)] Failed to request signed tokens
[Apr 16, 2024, 2:58:34.4 AM:ERROR:refill_confirmation_tokens.cc(128)] Failed to request signed tokens
[Apr 16, 2024, 2:58:53.5 AM:ERROR:refill_confirmation_tokens.cc(128)] Failed to request signed tokens
[Apr 16, 2024, 2:59:10.6 AM:ERROR:refill_confirmation_tokens.cc(128)] Failed to request signed tokens
[Apr 16, 2024, 2:59:39.8 AM:ERROR:refill_confirmation_tokens.cc(128)] Failed to request signed tokens
[Apr 16, 2024, 3:22:00.0 AM:ERROR:publisher.cc(633)] Publisher info not found
[Apr 16, 2024, 3:22:00.0 AM:ERROR:publisher.cc(633)] Publisher info not found
[Apr 16, 2024, 3:22:11.1 AM:ERROR:publisher.cc(633)] Publisher info not found
[Apr 16, 2024, 3:22:11.1 AM:ERROR:publisher.cc(633)] Publisher info not found
[Apr 16, 2024, 3:29:19.0 AM:ERROR:publisher.cc(633)] Publisher info not found
[Apr 16, 2024, 3:29:19.0 AM:ERROR:publisher.cc(633)] Publisher info not found
[Apr 16, 2024, 3:30:44.6 AM:ERROR:publisher.cc(633)] Publisher info not found
[Apr 16, 2024, 3:30:44.6 AM:ERROR:publisher.cc(633)] Publisher info not found
[Apr 16, 2024, 3:32:11.5 AM:ERROR:publisher.cc(633)] Publisher info not found
[Apr 16, 2024, 3:32:11.5 AM:ERROR:publisher.cc(633)] Publisher info not found
--------------------------------------------------------------------------------
[Apr 16, 2024, 3:40:34.1 AM:ERROR:refill_confirmation_tokens.cc(128)] Failed to request signed tokens
[Apr 16, 2024, 3:41:35.3 AM:ERROR:refill_confirmation_tokens.cc(128)] Failed to request signed tokens
[Apr 16, 2024, 3:41:36.4 AM:ERROR:refill_confirmation_tokens.cc(128)] Failed to request signed tokens
[Apr 16, 2024, 3:42:15.5 AM:ERROR:refill_confirmation_tokens.cc(128)] Failed to request signed tokens
[Apr 16, 2024, 3:44:15.1 AM:ERROR:refill_confirmation_tokens.cc(128)] Failed to request signed tokens
--------------------------------------------------------------------------------
[Apr 16, 2024, 3:45:57.0 AM:ERROR:refill_confirmation_tokens.cc(128)] Failed to request signed tokens
[Apr 16, 2024, 3:47:38.1 AM:ERROR:refill_confirmation_tokens.cc(128)] Failed to request signed tokens
[Apr 16, 2024, 3:48:00.2 AM:ERROR:refill_confirmation_tokens.cc(128)] Failed to request signed tokens
[Apr 16, 2024, 3:49:11.4 AM:ERROR:refill_confirmation_tokens.cc(128)] Failed to request signed tokens
[Apr 16, 2024, 3:52:22.9 AM:ERROR:publisher.cc(633)] Publisher info not found
[Apr 16, 2024, 3:52:22.9 AM:ERROR:publisher.cc(633)] Publisher info not found
[Apr 16, 2024, 3:52:34.5 AM:ERROR:refill_confirmation_tokens.cc(128)] Failed to request signed tokens
--------------------------------------------------------------------------------
[Apr 16, 2024, 3:54:48.9 AM:ERROR:refill_confirmation_tokens.cc(128)] Failed to request signed tokens
[Apr 16, 2024, 3:55:03.0 AM:ERROR:refill_confirmation_tokens.cc(128)] Failed to request signed tokens
[Apr 16, 2024, 3:55:12.2 AM:ERROR:refill_confirmation_tokens.cc(128)] Failed to request signed tokens
[Apr 16, 2024, 3:57:57.3 AM:ERROR:refill_confirmation_tokens.cc(128)] Failed to request signed tokens
[Apr 16, 2024, 4:01:13.5 AM:ERROR:refill_confirmation_tokens.cc(128)] Failed to request signed tokens
[Apr 16, 2024, 4:03:49.6 AM:ERROR:refill_confirmation_tokens.cc(128)] Failed to request signed tokens
[Apr 16, 2024, 4:25:58.8 AM:ERROR:refill_confirmation_tokens.cc(128)] Failed to request signed tokens
[Apr 16, 2024, 4:28:26.0 AM:ERROR:publisher.cc(633)] Publisher info not found
[Apr 16, 2024, 4:28:26.0 AM:ERROR:publisher.cc(633)] Publisher info not found
[Apr 16, 2024, 4:36:20.0 AM:ERROR:refill_confirmation_tokens.cc(128)] Failed to request signed tokens
[Apr 16, 2024, 4:47:29.1 AM:ERROR:refill_confirmation_tokens.cc(128)] Failed to request signed tokens
